>>> 2025-04-09 13:34:13,879 - INFO - [SimTaskResult] Loaded MetricsResultMap from SimTaskResult/678528ae301d3d18a04b1570.json
>>> 2025-04-09 13:34:13,893 - INFO - [SimTaskResult] Loaded MetricsResultMap from SimTaskResult/678528c68499f11f18c77416.json
>>> 2025-04-09 13:35:42,265 - INFO - [SimTaskResult] Loaded MetricsResultMap from SimTaskResult/678528ae301d3d18a04b1570.json
>>> 2025-04-09 13:35:42,279 - INFO - [SimTaskResult] Loaded MetricsResultMap from SimTaskResult/678528c68499f11f18c77416.json
>>> 2025-04-09 13:36:53,253 - INFO - [SimTaskResult] Loaded MetricsResultMap from SimTaskResult/678528ae301d3d18a04b1570.json
>>> 2025-04-09 13:36:53,267 - INFO - [SimTaskResult] Loaded MetricsResultMap from SimTaskResult/678528c68499f11f18c77416.json
>>> 2025-04-09 13:37:05,038 - INFO - [SimTaskResult] Loaded MetricsResultMap from SimTaskResult/678528ae301d3d18a04b1570.json
>>> 2025-04-09 13:37:05,051 - INFO - [SimTaskResult] Loaded MetricsResultMap from SimTaskResult/678528c68499f11f18c77416.json
>>> 2025-04-09 13:37:57,132 - INFO - [SimTaskResult] Loaded MetricsResultMap from SimTaskResult/678528ae301d3d18a04b1570.json
>>> 2025-04-09 13:37:57,145 - INFO - [SimTaskResult] Loaded MetricsResultMap from SimTaskResult/678528c68499f11f18c77416.json
>>> 2025-04-09 13:38:17,983 - INFO - [SimTaskResult] Loaded MetricsResultMap from SimTaskResult/678528ae301d3d18a04b1570.json
>>> 2025-04-09 13:38:17,996 - INFO - [SimTaskResult] Loaded MetricsResultMap from SimTaskResult/678528c68499f11f18c77416.json
>>> 2025-04-09 13:38:56,947 - INFO - [SimTaskResult] Loaded MetricsResultMap from SimTaskResult/678528ae301d3d18a04b1570.json
>>> 2025-04-09 13:38:56,960 - INFO - [SimTaskResult] Loaded MetricsResultMap from SimTaskResult/678528c68499f11f18c77416.json
>>> 2025-04-09 13:41:10,581 - INFO - [SimTaskResult] Loaded MetricsResultMap from SimTaskResult/678528ae301d3d18a04b1570.json
>>> 2025-04-09 13:41:10,594 - INFO - [SimTaskResult] Loaded MetricsResultMap from SimTaskResult/678528c68499f11f18c77416.json
>>> 2025-04-09 13:41:39,167 - INFO - [SimTaskResult] Loaded MetricsResultMap from SimTaskResult/678528ae301d3d18a04b1570.json
>>> 2025-04-09 13:41:39,180 - INFO - [SimTaskResult] Loaded MetricsResultMap from SimTaskResult/678528c68499f11f18c77416.json
>>> 2025-04-09 13:48:05,230 - INFO - [SimTaskResult] Loaded MetricsResultMap from SimTaskResult/678528ae301d3d18a04b1570.json
>>> 2025-04-09 13:48:05,244 - INFO - [SimTaskResult] Loaded MetricsResultMap from SimTaskResult/678528c68499f11f18c77416.json
>>> 2025-04-09 13:48:18,499 - INFO - [SimTaskResult] Loaded MetricsResultMap from SimTaskResult/678528ae301d3d18a04b1570.json
>>> 2025-04-09 13:48:18,513 - INFO - [SimTaskResult] Loaded MetricsResultMap from SimTaskResult/678528c68499f11f18c77416.json
>>> 2025-04-09 13:48:39,678 - INFO - [SimTaskResult] Loaded MetricsResultMap from SimTaskResult/678528ae301d3d18a04b1570.json
>>> 2025-04-09 13:48:39,692 - INFO - [SimTaskResult] Loaded MetricsResultMap from SimTaskResult/678528c68499f11f18c77416.json
>>> 2025-04-09 13:52:41,416 - INFO - [SimTaskResult] Loaded MetricsResultMap from SimTaskResult/678528ae301d3d18a04b1570.json
>>> 2025-04-09 13:52:41,429 - INFO - [SimTaskResult] Loaded MetricsResultMap from SimTaskResult/678528c68499f11f18c77416.json
>>> 2025-04-09 13:54:04,868 - INFO - [SimTaskResult] Loaded MetricsResultMap from SimTaskResult/678528ae301d3d18a04b1570.json
>>> 2025-04-09 13:54:04,880 - INFO - [SimTaskResult] Loaded MetricsResultMap from SimTaskResult/678528c68499f11f18c77416.json
>>> 2025-04-09 13:58:17,126 - INFO - [SimTaskResult] Loaded MetricsResultMap from SimTaskResult/678528ae301d3d18a04b1570.json
>>> 2025-04-09 13:58:17,139 - INFO - [SimTaskResult] Loaded MetricsResultMap from SimTaskResult/678528c68499f11f18c77416.json
>>> 2025-04-09 13:58:36,851 - INFO - [SimTaskResult] Loaded MetricsResultMap from SimTaskResult/678528ae301d3d18a04b1570.json
>>> 2025-04-09 13:58:36,865 - INFO - [SimTaskResult] Loaded MetricsResultMap from SimTaskResult/678528c68499f11f18c77416.json
>>> 2025-04-09 14:16:11,856 - INFO - [SimTaskResult] Loaded MetricsResultMap from SimTaskResult/678528ae301d3d18a04b1570.json
>>> 2025-04-09 14:16:11,869 - INFO - [SimTaskResult] Loaded MetricsResultMap from SimTaskResult/678528c68499f11f18c77416.json
>>> 2025-04-09 14:17:12,811 - INFO - [SimTaskResult] Loaded MetricsResultMap from SimTaskResult/678528ae301d3d18a04b1570.json
>>> 2025-04-09 14:17:12,823 - INFO - [SimTaskResult] Loaded MetricsResultMap from SimTaskResult/678528c68499f11f18c77416.json
>>> 2025-04-09 14:17:28,813 - INFO - [SimTaskResult] Loaded MetricsResultMap from SimTaskResult/678528ae301d3d18a04b1570.json
>>> 2025-04-09 14:17:28,825 - INFO - [SimTaskResult] Loaded MetricsResultMap from SimTaskResult/678528c68499f11f18c77416.json
>>> 2025-04-09 14:18:37,240 - INFO - [SimTaskResult] Loaded MetricsResultMap from SimTaskResult/678528ae301d3d18a04b1570.json
>>> 2025-04-09 14:18:37,254 - INFO - [SimTaskResult] Loaded MetricsResultMap from SimTaskResult/678528c68499f11f18c77416.json
>>> 2025-04-09 14:19:09,875 - INFO - [SimTaskResult] Loaded MetricsResultMap from SimTaskResult/678528ae301d3d18a04b1570.json
>>> 2025-04-09 14:19:09,887 - INFO - [SimTaskResult] Loaded MetricsResultMap from SimTaskResult/678528c68499f11f18c77416.json
>>> 2025-04-09 14:19:20,441 - INFO - [SimTaskResult] Loaded MetricsResultMap from SimTaskResult/678528ae301d3d18a04b1570.json
>>> 2025-04-09 14:19:20,453 - INFO - [SimTaskResult] Loaded MetricsResultMap from SimTaskResult/678528c68499f11f18c77416.json
>>> 2025-04-09 14:19:28,117 - INFO - [SimTaskResult] Loaded MetricsResultMap from SimTaskResult/678528ae301d3d18a04b1570.json
>>> 2025-04-09 14:19:28,129 - INFO - [SimTaskResult] Loaded MetricsResultMap from SimTaskResult/678528c68499f11f18c77416.json
>>> 2025-04-09 14:19:37,386 - INFO - [SimTaskResult] Loaded MetricsResultMap from SimTaskResult/678528ae301d3d18a04b1570.json
>>> 2025-04-09 14:19:37,399 - INFO - [SimTaskResult] Loaded MetricsResultMap from SimTaskResult/678528c68499f11f18c77416.json
>>> 2025-04-09 14:19:46,728 - INFO - [SimTaskResult] Loaded MetricsResultMap from SimTaskResult/678528ae301d3d18a04b1570.json
>>> 2025-04-09 14:19:46,741 - INFO - [SimTaskResult] Loaded MetricsResultMap from SimTaskResult/678528c68499f11f18c77416.json
>>> 2025-04-09 14:19:57,740 - INFO - [SimTaskResult] Loaded MetricsResultMap from SimTaskResult/678528ae301d3d18a04b1570.json
>>> 2025-04-09 14:19:57,753 - INFO - [SimTaskResult] Loaded MetricsResultMap from SimTaskResult/678528c68499f11f18c77416.json
>>> 2025-04-09 14:20:07,228 - INFO - [SimTaskResult] Loaded MetricsResultMap from SimTaskResult/678528ae301d3d18a04b1570.json
>>> 2025-04-09 14:20:07,240 - INFO - [SimTaskResult] Loaded MetricsResultMap from SimTaskResult/678528c68499f11f18c77416.json
>>> 2025-04-09 14:20:22,992 - INFO - [SimTaskResult] Loaded MetricsResultMap from SimTaskResult/678528ae301d3d18a04b1570.json
>>> 2025-04-09 14:20:23,005 - INFO - [SimTaskResult] Loaded MetricsResultMap from SimTaskResult/678528c68499f11f18c77416.json
>>> 2025-04-09 14:20:44,197 - INFO - [SimTaskResult] Loaded MetricsResultMap from SimTaskResult/678528ae301d3d18a04b1570.json
>>> 2025-04-09 14:20:44,210 - INFO - [SimTaskResult] Loaded MetricsResultMap from SimTaskResult/678528c68499f11f18c77416.json
>>> 2025-04-09 14:20:58,572 - INFO - [SimTaskResult] Loaded MetricsResultMap from SimTaskResult/678528ae301d3d18a04b1570.json
>>> 2025-04-09 14:20:58,585 - INFO - [SimTaskResult] Loaded MetricsResultMap from SimTaskResult/678528c68499f11f18c77416.json
>>> 2025-04-09 14:21:53,596 - INFO - [SimTaskResult] Loaded MetricsResultMap from SimTaskResult/678528ae301d3d18a04b1570.json
>>> 2025-04-09 14:21:53,609 - INFO - [SimTaskResult] Loaded MetricsResultMap from SimTaskResult/678528c68499f11f18c77416.json
>>> 2025-04-09 14:22:05,610 - INFO - [SimTaskResult] Loaded MetricsResultMap from SimTaskResult/678528ae301d3d18a04b1570.json
>>> 2025-04-09 14:22:05,623 - INFO - [SimTaskResult] Loaded MetricsResultMap from SimTaskResult/678528c68499f11f18c77416.json
>>> 2025-04-09 14:22:22,530 - INFO - [SimTaskResult] Loaded MetricsResultMap from SimTaskResult/678528ae301d3d18a04b1570.json
>>> 2025-04-09 14:22:22,542 - INFO - [SimTaskResult] Loaded MetricsResultMap from SimTaskResult/678528c68499f11f18c77416.json
>>> 2025-04-09 14:22:48,704 - INFO - [SimTaskResult] Loaded MetricsResultMap from SimTaskResult/678528ae301d3d18a04b1570.json
>>> 2025-04-09 14:22:48,717 - INFO - [SimTaskResult] Loaded MetricsResultMap from SimTaskResult/678528c68499f11f18c77416.json
>>> 2025-04-09 14:36:26,245 - INFO - [SimTaskResult] Loaded MetricsResultMap from SimTaskResult/678528ae301d3d18a04b1570.json
>>> 2025-04-09 14:36:26,260 - INFO - [SimTaskResult] Loaded MetricsResultMap from SimTaskResult/678528c68499f11f18c77416.json
>>> 2025-04-09 16:12:36,249 - INFO - [SimTaskResult] Task 67f5e29fd7c5690104005ee5 Copy-Copy-Comfort_Obm_Refresh_New-refreshAlias: ML5.0_EBM2.0_250409_B, simulationAlias: ML5.0_EBM2.0_250409_B-UNP/主线/PBS-master-HNP_Good_Event_Lane_Change_Shake_Comfort_Obm status: COMPLETED
>>> 2025-04-09 16:12:44,200 - INFO - [SimTaskResult] Dumped checkersResultMap to SimTaskResult/67f5e29fd7c5690104005ee5.json
>>> 2025-04-09 16:12:44,225 - INFO - [SimTaskResult] Task 67f5e29f02daf0bcf4461bc1 Copy-Copy-Comfort_Obm_Refresh_New-refreshAlias: ML5.0_EBM2.0_250409_B, simulationAlias: ML5.0_EBM2.0_250409_B-UNP/主线/PBS-master-HNP_Bad_Event_Lane_Change_Shake_Comfort_Obm status: COMPLETED
>>> 2025-04-09 16:13:06,029 - INFO - [SimTaskResult] Dumped checkersResultMap to SimTaskResult/67f5e29f02daf0bcf4461bc1.json
>>> 2025-04-09 16:15:44,139 - INFO - [SimTaskResult] Loaded MetricsResultMap from SimTaskResult/67f5e29fd7c5690104005ee5.json
>>> 2025-04-09 16:15:44,240 - INFO - [SimTaskResult] Loaded MetricsResultMap from SimTaskResult/67f5e29f02daf0bcf4461bc1.json
>>> 2025-04-09 16:16:18,542 - INFO - [SimTaskResult] Loaded MetricsResultMap from SimTaskResult/67f5e29fd7c5690104005ee5.json
>>> 2025-04-09 16:16:18,647 - INFO - [SimTaskResult] Loaded MetricsResultMap from SimTaskResult/67f5e29f02daf0bcf4461bc1.json
>>> 2025-04-09 16:17:53,552 - INFO - [SimTaskResult] Loaded MetricsResultMap from SimTaskResult/67f5e29fd7c5690104005ee5.json
>>> 2025-04-09 16:17:53,658 - INFO - [SimTaskResult] Loaded MetricsResultMap from SimTaskResult/67f5e29f02daf0bcf4461bc1.json
>>> 2025-04-09 16:18:18,164 - INFO - [SimTaskResult] Loaded MetricsResultMap from SimTaskResult/67f5e29fd7c5690104005ee5.json
>>> 2025-04-09 16:18:18,265 - INFO - [SimTaskResult] Loaded MetricsResultMap from SimTaskResult/67f5e29f02daf0bcf4461bc1.json
>>> 2025-04-09 16:19:53,632 - INFO - [SimTaskResult] Loaded MetricsResultMap from SimTaskResult/67f5e29fd7c5690104005ee5.json
>>> 2025-04-09 16:19:53,736 - INFO - [SimTaskResult] Loaded MetricsResultMap from SimTaskResult/67f5e29f02daf0bcf4461bc1.json
>>> 2025-04-09 16:19:54,402 - INFO - [SimTaskResult] Task 67f5e29ed7c5690104005eb6 Copy-Copy-Comfort_Obm_Refresh_New-refreshAlias: ML5.0_EBM2.0_250409_B, simulationAlias: ML5.0_EBM2.0_250409_B-UNP/主线/PBS-master-HNP_Good_Event_Shake_Comfort_Obm status: COMPLETED
>>> 2025-04-09 16:20:19,062 - INFO - [SimTaskResult] Dumped checkersResultMap to SimTaskResult/67f5e29ed7c5690104005eb6.json
>>> 2025-04-09 16:20:19,088 - INFO - [SimTaskResult] Task 67f5e29ed7c5690104005eb7 Copy-Copy-Comfort_Obm_Refresh_New-refreshAlias: ML5.0_EBM2.0_250409_B, simulationAlias: ML5.0_EBM2.0_250409_B-UNP/主线/PBS-master-HNP_Bad_Event_Shake_Comfort_Obm status: COMPLETED
>>> 2025-04-09 16:20:35,981 - INFO - [SimTaskResult] Dumped checkersResultMap to SimTaskResult/67f5e29ed7c5690104005eb7.json
>>> 2025-04-09 16:20:36,753 - INFO - [SimTaskResult] Task 67f5e29ed7c5690104005ed1 Copy-Copy-Comfort_Obm_Refresh_New-refreshAlias: ML5.0_EBM2.0_250409_B, simulationAlias: ML5.0_EBM2.0_250409_B-UNP/主线/PBS-master-UNP_Good_Event_Lane_Change_Shake_Comfort_Obm status: COMPLETED
>>> 2025-04-09 16:20:51,272 - INFO - [SimTaskResult] Dumped checkersResultMap to SimTaskResult/67f5e29ed7c5690104005ed1.json
>>> 2025-04-09 16:20:51,301 - INFO - [SimTaskResult] Task 67f5e29e02daf0bcf4461bbb Copy-Copy-Comfort_Obm_Refresh_New-refreshAlias: ML5.0_EBM2.0_250409_B, simulationAlias: ML5.0_EBM2.0_250409_B-UNP/主线/PBS-master-UNP_Bad_Event_Lane_Change_Shake_Comfort_Obm status: COMPLETED
>>> 2025-04-09 16:20:56,341 - INFO - [SimTaskResult] Dumped checkersResultMap to SimTaskResult/67f5e29e02daf0bcf4461bbb.json
>>> 2025-04-09 16:20:56,843 - INFO - [SimTaskResult] Task 67f5e2a0a236be4bdef70a1c Copy-Copy-Comfort_Obm_Refresh_New-refreshAlias: ML5.0_EBM2.0_250409_B, simulationAlias: ML5.0_EBM2.0_250409_B-UNP/主线/PBS-master-UNP_Good_Event_Shake_Comfort_Obm status: COMPLETED
>>> 2025-04-09 16:21:05,191 - INFO - [SimTaskResult] Dumped checkersResultMap to SimTaskResult/67f5e2a0a236be4bdef70a1c.json
>>> 2025-04-09 16:21:05,217 - INFO - [SimTaskResult] Task 67f5e29ea236be4bdef709d3 Copy-Copy-Comfort_Obm_Refresh_New-refreshAlias: ML5.0_EBM2.0_250409_B, simulationAlias: ML5.0_EBM2.0_250409_B-UNP/主线/PBS-master-UNP_Bad_Event_Shake_Comfort_Obm status: COMPLETED
>>> 2025-04-09 16:21:15,741 - INFO - [SimTaskResult] Dumped checkersResultMap to SimTaskResult/67f5e29ea236be4bdef709d3.json
>>> 2025-04-09 16:21:16,221 - INFO - [SimTaskResult] Task 67f5e29f02daf0bcf4461bf7 Copy-Copy-Comfort_Obm_Refresh_New-refreshAlias: ML5.0_EBM2.0_250409_B, simulationAlias: ML5.0_EBM2.0_250409_B-UNP/主线/PBS-master-SD_NP_Sudden_Turn_Good_Behavior_Comfort_Obm status: COMPLETED
>>> 2025-04-09 16:21:24,477 - INFO - [SimTaskResult] Dumped checkersResultMap to SimTaskResult/67f5e29f02daf0bcf4461bf7.json
>>> 2025-04-09 16:21:24,502 - INFO - [SimTaskResult] Task 67f5e29f02daf0bcf4461bd1 Copy-Copy-Comfort_Obm_Refresh_New-refreshAlias: ML5.0_EBM2.0_250409_B, simulationAlias: ML5.0_EBM2.0_250409_B-UNP/主线/PBS-master-SD_NP_Sudden_Turn_Bad_Behavior_Comfort_Obm status: COMPLETED
>>> 2025-04-09 16:21:37,673 - INFO - [SimTaskResult] Dumped checkersResultMap to SimTaskResult/67f5e29f02daf0bcf4461bd1.json
>>> 2025-04-09 16:21:38,087 - INFO - [SimTaskResult] Task 67f5e29ed7c5690104005ec2 Copy-Copy-Comfort_Obm_Refresh_New-refreshAlias: ML5.0_EBM2.0_250409_B, simulationAlias: ML5.0_EBM2.0_250409_B-UNP/主线/PBS-master-SD_NP_Good_Event_Snaking_Comfort_Obm status: COMPLETED
>>> 2025-04-09 16:22:19,979 - INFO - [SimTaskResult] Dumped checkersResultMap to SimTaskResult/67f5e29ed7c5690104005ec2.json
>>> 2025-04-09 16:22:20,007 - INFO - [SimTaskResult] Task 67f5e29ed7c5690104005eba Copy-Copy-Comfort_Obm_Refresh_New-refreshAlias: ML5.0_EBM2.0_250409_B, simulationAlias: ML5.0_EBM2.0_250409_B-UNP/主线/PBS-master-SD_NP_Bad_Event_Snaking_Comfort_Obm status: COMPLETED
>>> 2025-04-09 16:22:32,526 - INFO - [SimTaskResult] Dumped checkersResultMap to SimTaskResult/67f5e29ed7c5690104005eba.json
>>> 2025-04-09 16:25:09,425 - INFO - [SimTaskResult] Loaded MetricsResultMap from SimTaskResult/67f5e29fd7c5690104005ee5.json
>>> 2025-04-09 16:25:09,528 - INFO - [SimTaskResult] Loaded MetricsResultMap from SimTaskResult/67f5e29f02daf0bcf4461bc1.json
>>> 2025-04-09 16:25:10,295 - INFO - [SimTaskResult] Loaded MetricsResultMap from SimTaskResult/67f5e29ed7c5690104005eb6.json
>>> 2025-04-09 16:25:10,375 - INFO - [SimTaskResult] Loaded MetricsResultMap from SimTaskResult/67f5e29ed7c5690104005eb7.json
>>> 2025-04-09 16:25:11,201 - INFO - [SimTaskResult] Loaded MetricsResultMap from SimTaskResult/67f5e29ed7c5690104005ed1.json
>>> 2025-04-09 16:25:11,223 - INFO - [SimTaskResult] Loaded MetricsResultMap from SimTaskResult/67f5e29e02daf0bcf4461bbb.json
>>> 2025-04-09 16:25:11,787 - INFO - [SimTaskResult] Loaded MetricsResultMap from SimTaskResult/67f5e2a0a236be4bdef70a1c.json
>>> 2025-04-09 16:25:11,837 - INFO - [SimTaskResult] Loaded MetricsResultMap from SimTaskResult/67f5e29ea236be4bdef709d3.json
>>> 2025-04-09 16:25:12,345 - INFO - [SimTaskResult] Loaded MetricsResultMap from SimTaskResult/67f5e29f02daf0bcf4461bf7.json
>>> 2025-04-09 16:25:12,386 - INFO - [SimTaskResult] Loaded MetricsResultMap from SimTaskResult/67f5e29f02daf0bcf4461bd1.json
>>> 2025-04-09 16:25:13,028 - INFO - [SimTaskResult] Loaded MetricsResultMap from SimTaskResult/67f5e29ed7c5690104005ec2.json
>>> 2025-04-09 16:25:13,092 - INFO - [SimTaskResult] Loaded MetricsResultMap from SimTaskResult/67f5e29ed7c5690104005eba.json
